[    0.000000] Linux version 4.15.0-129-generic (buildd@lcy01-amd64-017) (gcc version 7.5.0 (Ubuntu 7.5.0-3ubuntu1~18.04)) #132-Ubuntu SMP Thu Dec 10 14:02:26 UTC 2020 (Ubuntu 4.15.0-129.132-generic 4.15.18)
[    0.000000] Command line: BOOT_IMAGE=/boot/vmlinuz-4.15.0-129-generic root=UUID=a7cc7f74-b099-45a4-9eb5-9d006fce0a97 ro console=tty1 console=ttyS0
[    0.000000] KERNEL supported cpus:
[    0.000000]   Intel GenuineIntel
[    0.000000]   AMD AuthenticAMD
[    0.000000]   Centaur CentaurHauls
[    0.000000] x86/fpu: Supporting XSAVE feature 0x001: 'x87 floating point registers'
[    0.000000] x86/fpu: Supporting XSAVE feature 0x002: 'SSE registers'
[    0.000000] x86/fpu: Supporting XSAVE feature 0x004: 'AVX registers'
[    0.000000] x86/fpu: xstate_offset[2]:  576, xstate_sizes[2]:  256
[    0.000000] x86/fpu: Enabled xstate features 0x7, context size is 832 bytes, using 'standard' format.
[    0.000000] e820: BIOS-provided physical RAM map:
[    0.000000] BIOS-e820: [mem 0x0000000000000000-0x000000000009fbff] usable
[    0.000000] BIOS-e820: [mem 0x000000000009fc00-0x000000000009ffff] reserved
[    0.000000] BIOS-e820: [mem 0x00000000000f0000-0x00000000000fffff] reserved
[    0.000000] BIOS-e820: [mem 0x0000000000100000-0x000000007ffeffff] usable
[    0.000000] BIOS-e820: [mem 0x000000007fff0000-0x000000007fffffff] ACPI data
[    0.000000] BIOS-e820: [mem 0x00000000fec00000-0x00000000fec00fff] reserved
[    0.000000] BIOS-e820: [mem 0x00000000fee00000-0x00000000fee00fff] reserved
[    0.000000] BIOS-e820: [mem 0x00000000fffc0000-0x00000000ffffffff] reserved
[    0.000000] NX (Execute Disable) protection: active
[    0.000000] SMBIOS 2.5 present.
[    0.000000] DMI: innotek GmbH VirtualBox/VirtualBox, BIOS VirtualBox 12/01/2006
[    0.000000] Hypervisor detected: KVM
[    0.000000] e820: last_pfn = 0x7fff0 max_arch_pfn = 0x400000000
[    0.000000] MTRR: Disabled
[    0.000000] x86/PAT: MTRRs disabled, skipping PAT initialization too.
[    0.000000] CPU MTRRs all blank - virtualized system.
[    0.000000] x86/PAT: Configuration [0-7]: WB  WT  UC- UC  WB  WT  UC- UC  
[    0.000000] found SMP MP-table at [mem 0x0009fff0-0x0009ffff]
[    0.000000] Scanning 1 areas for low memory corruption
[    0.000000] RAMDISK: [mem 0x3595d000-0x36ca5fff]
[    0.000000] ACPI: Early table checksum verification disabled
[    0.000000] ACPI: RSDP 0x00000000000E0000 000024 (v02 VBOX  )
[    0.000000] ACPI: XSDT 0x000000007FFF0030 00003C (v01 VBOX   VBOXXSDT 00000001 ASL  00000061)
[    0.000000] ACPI: FACP 0x000000007FFF00F0 0000F4 (v04 VBOX   VBOXFACP 00000001 ASL  00000061)
[    0.000000] ACPI: DSDT 0x000000007FFF0470 002325 (v02 VBOX   VBOXBIOS 00000002 INTL 20100528)
[    0.000000] ACPI: FACS 0x000000007FFF0200 000040
[    0.000000] ACPI: FACS 0x000000007FFF0200 000040
[    0.000000] ACPI: APIC 0x000000007FFF0240 00005C (v02 VBOX   VBOXAPIC 00000001 ASL  00000061)
[    0.000000] ACPI: SSDT 0x000000007FFF02A0 0001CC (v01 VBOX   VBOXCPUT 00000002 INTL 20100528)
[    0.000000] No NUMA configuration found
[    0.000000] Faking a node at [mem 0x0000000000000000-0x000000007ffeffff]
[    0.000000] NODE_DATA(0) allocated [mem 0x7ffc5000-0x7ffeffff]
[    0.000000] kvm-clock: cpu 0, msr 0:7ff44001, primary cpu clock
[    0.000000] kvm-clock: Using msrs 4b564d01 and 4b564d00
[    0.000000] kvm-clock: using sched offset of 3572051108 cycles
[    0.000000] clocksource: kvm-clock: mask: 0xffffffffffffffff max_cycles: 0x1cd42e4dffb, max_idle_ns: 881590591483 ns
[    0.000000] Zone ranges:
[    0.000000]   DMA      [mem 0x0000000000001000-0x0000000000ffffff]
[    0.000000]   DMA32    [mem 0x0000000001000000-0x000000007ffeffff]
[    0.000000]   Normal   empty
[    0.000000]   Device   empty
[    0.000000] Movable zone start for each node
[    0.000000] Early memory node ranges
[    0.000000]   node   0: [mem 0x0000000000001000-0x000000000009efff]
[    0.000000]   node   0: [mem 0x0000000000100000-0x000000007ffeffff]
[    0.000000] Reserved but unavailable: 98 pages
[    0.000000] Initmem setup node 0 [mem 0x0000000000001000-0x000000007ffeffff]
[    0.000000] ACPI: PM-Timer IO Port: 0x4008
[    0.000000] IOAPIC[0]: apic_id 2, version 32, address 0xfec00000, GSI 0-23
[    0.000000] ACPI: INT_SRC_OVR (bus 0 bus_irq 0 global_irq 2 dfl dfl)
[    0.000000] ACPI: INT_SRC_OVR (bus 0 bus_irq 9 global_irq 9 low level)
[    0.000000] Using ACPI (MADT) for SMP configuration information
[    0.000000] smpboot: Allowing 2 CPUs, 0 hotplug CPUs
[    0.000000] PM: Registered nosave memory: [mem 0x00000000-0x00000fff]
[    0.000000] PM: Registered nosave memory: [mem 0x0009f000-0x0009ffff]
[    0.000000] PM: Registered nosave memory: [mem 0x000a0000-0x000effff]
[    0.000000] PM: Registered nosave memory: [mem 0x000f0000-0x000fffff]
[    0.000000] e820: [mem 0x80000000-0xfebfffff] available for PCI devices
[    0.000000] Booting paravirtualized kernel on KVM
[    0.000000] clocksource: refined-jiffies: mask: 0xffffffff max_cycles: 0xffffffff, max_idle_ns: 7645519600211568 ns
[    0.000000] random: get_random_bytes called from start_kernel+0x99/0x500 with crng_init=0
[    0.000000] setup_percpu: NR_CPUS:8192 nr_cpumask_bits:2 nr_cpu_ids:2 nr_node_ids:1
[    0.000000] percpu: Embedded 45 pages/cpu s147456 r8192 d28672 u1048576
[    0.000000] PV qspinlock hash table entries: 256 (order: 0, 4096 bytes)
[    0.000000] Built 1 zonelists, mobility grouping on.  Total pages: 515961
[    0.000000] Policy zone: DMA32
[    0.000000] Kernel command line: BOOT_IMAGE=/boot/vmlinuz-4.15.0-129-generic root=UUID=a7cc7f74-b099-45a4-9eb5-9d006fce0a97 ro console=tty1 console=ttyS0
[    0.000000] Memory: 2014688K/2096696K available (12300K kernel code, 2482K rwdata, 4276K rodata, 2440K init, 2724K bss, 82008K reserved, 0K cma-reserved)
[    0.000000] SLUB: HWalign=64, Order=0-3, MinObjects=0, CPUs=2, Nodes=1
[    0.000000] ftrace: allocating 39421 entries in 154 pages
[    0.004000] Hierarchical RCU implementation.
[    0.004000] 	RCU restricting CPUs from NR_CPUS=8192 to nr_cpu_ids=2.
[    0.004000] 	Tasks RCU enabled.
[    0.004000] RCU: Adjusting geometry for rcu_fanout_leaf=16, nr_cpu_ids=2
[    0.004000] NR_IRQS: 524544, nr_irqs: 440, preallocated irqs: 16
[    0.004000] Console: colour VGA+ 80x25
[    0.004000] console [tty1] enabled
[    0.004000] console [ttyS0] enabled
[    0.004000] ACPI: Core revision 20170831
[    0.004000] ACPI: 2 ACPI AML tables successfully acquired and loaded
[    0.004000] APIC: Switch to symmetric I/O mode setup
[    0.004000] x2apic enabled
[    0.004000] Switched APIC routing to physical x2apic.
[    0.004000] ..TIMER: vector=0x30 apic1=0 pin1=2 apic2=-1 pin2=-1
[    0.004000] tsc: Detected 3695.996 MHz processor
[    0.004004] Calibrating delay loop (skipped) preset value.. 7391.99 BogoMIPS (lpj=14783984)
[    0.005331] pid_max: default: 32768 minimum: 301
[    0.006061] Security Framework initialized
[    0.006719] Yama: becoming mindful.
[    0.007275] AppArmor: AppArmor initialized
[    0.012000] Dentry cache hash table entries: 262144 (order: 9, 2097152 bytes)
[    0.020024] Inode-cache hash table entries: 131072 (order: 8, 1048576 bytes)
[    0.024013] Mount-cache hash table entries: 4096 (order: 3, 32768 bytes)
[    0.024777] Mountpoint-cache hash table entries: 4096 (order: 3, 32768 bytes)
[    0.025769] Last level iTLB entries: 4KB 128, 2MB 8, 4MB 8
[    0.026498] Last level dTLB entries: 4KB 64, 2MB 0, 4MB 0, 1GB 4
[    0.027301] Spectre V1 : Mitigation: usercopy/swapgs barriers and __user pointer sanitization
[    0.028002] Spectre V2 : Mitigation: Full generic retpoline
[    0.028643] Spectre V2 : Spectre v2 / SpectreRSB mitigation: Filling RSB on context switch
[    0.029595] Speculative Store Bypass: Vulnerable
[    0.030139] SRBDS: Mitigation: TSX disabled
[    0.030779] Freeing SMP alternatives memory: 36K
[    0.140886] smpboot: CPU0: Intel(R) Core(TM) i5-9600K CPU @ 3.70GHz (family: 0x6, model: 0x9e, stepping: 0xd)
[    0.142327] Performance Events: unsupported p6 CPU model 158 no PMU driver, software events only.
[    0.143525] Hierarchical SRCU implementation.
[    0.144000] NMI watchdog: Perf event create on CPU 0 failed with -2
[    0.144001] NMI watchdog: Perf NMI watchdog permanently disabled
[    0.144793] smp: Bringing up secondary CPUs ...
[    0.145481] x86: Booting SMP configuration:
[    0.146090] .... node  #0, CPUs:      #1
[    0.004000] kvm-clock: cpu 1, msr 0:7ff44041, secondary cpu clock
[    0.150396] smp: Brought up 1 node, 2 CPUs
[    0.150396] smpboot: Max logical packages: 1
[    0.150396] smpboot: Total of 2 processors activated (14783.98 BogoMIPS)
[    0.152089] devtmpfs: initialized
[    0.152567] x86/mm: Memory block size: 128MB
[    0.153305] evm: security.selinux
[    0.153873] evm: security.SMACK64
[    0.154387] evm: security.SMACK64EXEC
[    0.155020] evm: security.SMACK64TRANSMUTE
[    0.156002] evm: security.SMACK64MMAP
[    0.156435] evm: security.apparmor
[    0.156842] evm: security.ima
[    0.157204] evm: security.capability
[    0.157645] clocksource: jiffies: mask: 0xffffffff max_cycles: 0xffffffff, max_idle_ns: 7645041785100000 ns
[    0.157645] futex hash table entries: 512 (order: 3, 32768 bytes)
[    0.160030] pinctrl core: initialized pinctrl subsystem
[    0.160675] RTC time: 22:42:56, date: 01/05/21
[    0.161259] NET: Registered protocol family 16
[    0.161806] audit: initializing netlink subsys (disabled)
[    0.162477] audit: type=2000 audit(1609886580.815:1): state=initialized audit_enabled=0 res=1
[    0.164008] cpuidle: using governor ladder
[    0.164491] cpuidle: using governor menu
[    0.164963] ACPI: bus type PCI registered
[    0.165439] acpiphp: ACPI Hot Plug PCI Controller Driver version: 0.5
[    0.166205] PCI: Using configuration type 1 for base access
[    0.166868] HugeTLB registered 2.00 MiB page size, pre-allocated 0 pages
[    0.176054] ACPI: Added _OSI(Module Device)
[    0.176054] ACPI: Added _OSI(Processor Device)
[    0.176508] ACPI: Added _OSI(3.0 _SCP Extensions)
[    0.180014] ACPI: Added _OSI(Processor Aggregator Device)
[    0.180014] ACPI: Added _OSI(Linux-Dell-Video)
[    0.180014] ACPI: Added _OSI(Linux-Lenovo-NV-HDMI-Audio)
[    0.180014] ACPI: Added _OSI(Linux-HPI-Hybrid-Graphics)
[    0.180194] ACPI: Executed 1 blocks of module-level executable AML code
[    0.183145] ACPI: Interpreter enabled
[    0.184009] ACPI: (supports S0 S5)
[    0.184423] ACPI: Using IOAPIC for interrupt routing
[    0.185126] PCI: Using host bridge windows from ACPI; if necessary, use "pci=nocrs" and report a bug
[    0.186259] ACPI: Enabled 2 GPEs in block 00 to 07
[    0.190987] ACPI: PCI Root Bridge [PCI0] (domain 0000 [bus 00-ff])
[    0.191927] acpi PNP0A03:00: _OSC: OS supports [ASPM ClockPM Segments MSI]
[    0.192315] acpi PNP0A03:00: _OSC: not requesting OS control; OS requires [ExtendedConfig ASPM ClockPM MSI]
[    0.193764] acpi PNP0A03:00: fail to add MMCONFIG information, can't access extended PCI configuration space under this bridge.
[    0.196241] PCI host bridge to bus 0000:00
[    0.196786] pci_bus 0000:00: root bus resource [io  0x0000-0x0cf7 window]
[    0.197521] pci_bus 0000:00: root bus resource [io  0x0d00-0xffff window]
[    0.198259] pci_bus 0000:00: root bus resource [mem 0x000a0000-0x000bffff window]
[    0.199124] pci_bus 0000:00: root bus resource [mem 0x80000000-0xfdffffff window]
[    0.199958] pci_bus 0000:00: root bus resource [bus 00-ff]
[    0.201278] pci 0000:00:01.1: legacy IDE quirk: reg 0x10: [io  0x01f0-0x01f7]
[    0.202041] pci 0000:00:01.1: legacy IDE quirk: reg 0x14: [io  0x03f6]
[    0.202749] pci 0000:00:01.1: legacy IDE quirk: reg 0x18: [io  0x0170-0x0177]
[    0.203515] pci 0000:00:01.1: legacy IDE quirk: reg 0x1c: [io  0x0376]
[    0.218127] pci 0000:00:07.0: quirk: [io  0x4000-0x403f] claimed by PIIX4 ACPI
[    0.219678] pci 0000:00:07.0: quirk: [io  0x4100-0x410f] claimed by PIIX4 SMB
[    0.225119] ACPI: PCI Interrupt Link [LNKA] (IRQs 5 9 10 *11)
[    0.226150] ACPI: PCI Interrupt Link [LNKB] (IRQs 5 9 *10 11)
[    0.228077] ACPI: PCI Interrupt Link [LNKC] (IRQs 5 *9 10 11)
[    0.229051] ACPI: PCI Interrupt Link [LNKD] (IRQs 5 9 10 *11)
[    0.232001] SCSI subsystem initialized
[    0.232040] pci 0000:00:02.0: vgaarb: setting as boot VGA device
[    0.232896] pci 0000:00:02.0: vgaarb: VGA device added: decodes=io+mem,owns=io+mem,locks=none
[    0.232896] pci 0000:00:02.0: vgaarb: bridge control possible
[    0.236001] vgaarb: loaded
[    0.236001] ACPI: bus type USB registered
[    0.236001] usbcore: registered new interface driver usbfs
[    0.236001] usbcore: registered new interface driver hub
[    0.236013] usbcore: registered new device driver usb
[    0.236612] EDAC MC: Ver: 3.0.0
[    0.240023] PCI: Using ACPI for IRQ routing
[    0.240686] NetLabel: Initializing
[    0.241180] NetLabel:  domain hash size = 128
[    0.241850] NetLabel:  protocols = UNLABELED CIPSOv4 CALIPSO
[    0.241850] NetLabel:  unlabeled traffic allowed by default
[    0.241850] clocksource: Switched to clocksource kvm-clock
[    0.301244] VFS: Disk quotas dquot_6.6.0
[    0.301893] VFS: Dquot-cache hash table entries: 512 (order 0, 4096 bytes)
[    0.303008] AppArmor: AppArmor Filesystem Enabled
[    0.303753] pnp: PnP ACPI init
[    0.304938] pnp: PnP ACPI: found 3 devices
[    0.310493] clocksource: acpi_pm: mask: 0xffffff max_cycles: 0xffffff, max_idle_ns: 2085701024 ns
[    0.311831] NET: Registered protocol family 2
[    0.312517] TCP established hash table entries: 16384 (order: 5, 131072 bytes)
[    0.313563] TCP bind hash table entries: 16384 (order: 6, 262144 bytes)
[    0.314476] TCP: Hash tables configured (established 16384 bind 16384)
[    0.315399] UDP hash table entries: 1024 (order: 3, 32768 bytes)
[    0.316219] UDP-Lite hash table entries: 1024 (order: 3, 32768 bytes)
[    0.317126] NET: Registered protocol family 1
[    0.317810] pci 0000:00:00.0: Limiting direct PCI/PCI transfers
[    0.318695] pci 0000:00:01.0: Activating ISA DMA hang workarounds
[    0.319650] pci 0000:00:02.0: Video device with shadowed ROM at [mem 0x000c0000-0x000dffff]
[    0.324737] Unpacking initramfs...
[    1.095931] Freeing initrd memory: 19748K
[    1.096668] clocksource: tsc: mask: 0xffffffffffffffff max_cycles: 0x6a8d1fbf22a, max_idle_ns: 881590537935 ns
[    1.098081] platform rtc_cmos: registered platform RTC device (no PNP device found)
[    1.098994] Scanning for low memory corruption every 60 seconds
[    1.100175] Initialise system trusted keyrings
[    1.100766] Key type blacklist registered
[    1.101297] workingset: timestamp_bits=36 max_order=19 bucket_order=0
[    1.102659] zbud: loaded
[    1.103317] squashfs: version 4.0 (2009/01/31) Phillip Lougher
[    1.104176] fuse init (API version 7.26)
[    1.117212] Key type asymmetric registered
[    1.118679] Asymmetric key parser 'x509' registered
[    1.119327] Block layer SCSI generic (bsg) driver version 0.4 loaded (major 246)
[    1.120249] io scheduler noop registered
[    1.120750] io scheduler deadline registered
[    1.121281] io scheduler cfq registered (default)
[    1.122013] ACPI: AC Adapter [AC] (on-line)
[    1.122555] input: Power Button as /devices/LNXSYSTM:00/LNXPWRBN:00/input/input0
[    1.123430] ACPI: Power Button [PWRF]
[    1.123921] input: Sleep Button as /devices/LNXSYSTM:00/LNXSLPBN:00/input/input1
[    1.124835] ACPI: Sleep Button [SLPF]
[    1.125474] Serial: 8250/16550 driver, 32 ports, IRQ sharing enabled
[    1.146658] 00:02: ttyS0 at I/O 0x3f8 (irq = 4, base_baud = 115200) is a 16550A
[    1.150429] Linux agpgart interface v0.103
[    1.151985] loop: module loaded
[    1.152769] scsi host0: ata_piix
[    1.153271] scsi host1: ata_piix
[    1.153716] ata1: PATA max UDMA/33 cmd 0x1f0 ctl 0x3f6 bmdma 0xd000 irq 14
[    1.154496] ata2: PATA max UDMA/33 cmd 0x170 ctl 0x376 bmdma 0xd008 irq 15
[    1.155330] libphy: Fixed MDIO Bus: probed
[    1.155869] tun: Universal TUN/TAP device driver, 1.6
[    1.156591] PPP generic driver version 2.4.2
[    1.157232] ehci_hcd: USB 2.0 'Enhanced' Host Controller (EHCI) Driver
[    1.157975] ehci-pci: EHCI PCI platform driver
[    1.158513] ehci-platform: EHCI generic platform driver
[    1.159127] ohci_hcd: USB 1.1 'Open' Host Controller (OHCI) Driver
[    1.159841] ohci-pci: OHCI PCI platform driver
[    1.160417] ohci-platform: OHCI generic platform driver
[    1.161033] uhci_hcd: USB Universal Host Controller Interface driver
[    1.161794] i8042: PNP: PS/2 Controller [PNP0303:PS2K,PNP0f03:PS2M] at 0x60,0x64 irq 1,12
[    1.163117] serio: i8042 KBD port at 0x60,0x64 irq 1
[    1.163721] serio: i8042 AUX port at 0x60,0x64 irq 12
[    1.164481] mousedev: PS/2 mouse device common for all mice
[    1.165515] input: AT Translated Set 2 keyboard as /devices/platform/i8042/serio0/input/input2
[    1.166684] rtc_cmos rtc_cmos: rtc core: registered rtc_cmos as rtc0
[    1.167451] rtc_cmos rtc_cmos: alarms up to one day, 114 bytes nvram
[    1.168173] i2c /dev entries driver
[    1.168680] device-mapper: uevent: version 1.0.3
[    1.169323] device-mapper: ioctl: 4.37.0-ioctl (2017-09-20) initialised: dm-devel@redhat.com
[    1.170319] ledtrig-cpu: registered to indicate activity on CPUs
[    1.171323] NET: Registered protocol family 10
[    1.174057] Segment Routing with IPv6
[    1.174515] NET: Registered protocol family 17
[    1.175072] Key type dns_resolver registered
[    1.175731] mce: Using 0 MCE banks
[    1.176204] RAS: Correctable Errors collector initialized.
[    1.176845] sched_clock: Marking stable (1176194596, 0)->(1478441391, -302246795)
[    1.177993] registered taskstats version 1
[    1.178491] Loading compiled-in X.509 certificates
[    1.180443] Loaded X.509 cert 'Build time autogenerated kernel key: c0b12e93431a85da2633d00ac393f61630080db8'
[    1.181572] zswap: loaded using pool lzo/zbud
[    1.184130] Key type big_key registered
[    1.184594] Key type trusted registered
[    1.186055] Key type encrypted registered
[    1.186537] AppArmor: AppArmor sha1 policy hashing enabled
[    1.187174] ima: No TPM chip found, activating TPM-bypass! (rc=-19)
[    1.187889] ima: Allocated hash algorithm: sha1
[    1.188484] evm: HMAC attrs: 0x1
[    1.189052]   Magic number: 5:363:754
[    1.189511] tty ttyS5: hash matches
[    1.189998] rtc_cmos rtc_cmos: setting system clock to 2021-01-05 22:42:57 UTC (1609886577)
[    1.191000] BIOS EDD facility v0.16 2004-Jun-25, 0 devices found
[    1.191691] EDD information not available.
[    1.337420] Freeing unused kernel image memory: 2440K
[    1.824411] Write protecting the kernel read-only data: 20480k
[    1.825764] Freeing unused kernel image memory: 2008K
[    1.826584] Freeing unused kernel image memory: 1868K
[    1.833250] x86/mm: Checked W+X mappings: passed, no W+X pages found.
Loading, please wait...
starting version 237
[    1.913827] e1000: Intel(R) PRO/1000 Network Driver - version 7.3.21-k8-NAPI
[    1.914927] e1000: Copyright (c) 1999-2006 Intel Corporation.
[    1.917535] Fusion MPT base driver 3.04.20
[    1.918181] Copyright (c) 1999-2008 LSI Corporation
[    1.926514] Fusion MPT SPI Host driver 3.04.20
[    1.929332] AVX2 version of gcm_enc/dec engaged.
[    1.930111] AES CTR mode by8 optimization enabled
[    2.128080] input: ImExPS/2 Generic Explorer Mouse as /devices/platform/i8042/serio1/input/input4
[    2.446417] e1000 0000:00:03.0 eth0: (PCI:33MHz:32-bit) 02:c6:b0:25:69:cb
[    2.448138] e1000 0000:00:03.0 eth0: Intel(R) PRO/1000 Network Connection
[    2.451052] mptbase: ioc0: Initiating bringup
[    2.452837] e1000 0000:00:03.0 enp0s3: renamed from eth0
[    3.093285] ioc0: LSI53C1030 A0: Capabilities={Initiator}
[    5.958817] scsi host2: ioc0: LSI53C1030 A0, FwRev=00000000h, Ports=1, MaxQ=256, IRQ=20
[    7.852802] scsi 2:0:0:0: Direct-Access     VBOX     HARDDISK         1.0  PQ: 0 ANSI: 5
[    8.127844] scsi target2:0:0: Beginning Domain Validation
[    8.130018] scsi target2:0:0: Domain Validation skipping write tests
[    8.130912] scsi target2:0:0: Ending Domain Validation
[    8.131712] scsi target2:0:0: asynchronous
[    8.132647] scsi 2:0:1:0: Direct-Access     VBOX     HARDDISK         1.0  PQ: 0 ANSI: 5
[    8.860344] scsi target2:0:1: Beginning Domain Validation
[    8.868284] random: fast init done
[    8.870319] scsi target2:0:1: Domain Validation skipping write tests
[    8.871366] scsi target2:0:1: Ending Domain Validation
[    8.872230] scsi target2:0:1: asynchronous
[    8.876042] random: systemd-udevd: uninitialized urandom read (16 bytes read)
[    8.876148] sd 2:0:0:0: [sda] 20971520 512-byte logical blocks: (10.7 GB/10.0 GiB)
[    8.877110] random: systemd-udevd: uninitialized urandom read (16 bytes read)
[    8.878286] sd 2:0:0:0: [sda] Write Protect is off
[    8.879354] random: systemd-udevd: uninitialized urandom read (16 bytes read)
[    8.880397] sd 2:0:0:0: [sda] Incomplete mode parameter data
[    8.882108] sd 2:0:0:0: [sda] Assuming drive cache: write through
[    8.883122] sd 2:0:0:0: Attached scsi generic sg0 type 0
[    8.884346] sd 2:0:1:0: Attached scsi generic sg1 type 0
[    8.885322] sd 2:0:1:0: [sdb] 20480 512-byte logical blocks: (10.5 MB/10.0 MiB)
[    8.886322] sd 2:0:1:0: [sdb] Write Protect is off
[    8.887115]  sda: sda1
[    8.887134] sd 2:0:1:0: [sdb] Incomplete mode parameter data
[    8.888103] sd 2:0:1:0: [sdb] Assuming drive cache: write through
[    8.889647] sd 2:0:0:0: [sda] Attached SCSI disk
[    8.891656] sd 2:0:1:0: [sdb] Attached SCSI disk
Begin: Loading essential drivers ... [   10.240088] raid6: sse2x1   gen() 15486 MB/s
[   10.288420] raid6: sse2x1   xor()  8956 MB/s
[   10.336224] raid6: sse2x2   gen() 18812 MB/s
[   10.384045] raid6: sse2x2   xor() 11975 MB/s
[   10.432357] raid6: sse2x4   gen() 19908 MB/s
[   10.480160] raid6: sse2x4   xor() 11531 MB/s
[   10.528025] raid6: avx2x1   gen() 31117 MB/s
[   10.576286] raid6: avx2x1   xor() 17996 MB/s
[   10.624027] raid6: avx2x2   gen() 36058 MB/s
[   10.672456] raid6: avx2x2   xor() 24238 MB/s
[   10.720279] raid6: avx2x4   gen() 40146 MB/s
[   10.768101] raid6: avx2x4   xor() 24162 MB/s
[   10.768696] raid6: using algorithm avx2x4 gen() 40146 MB/s
[   10.769536] raid6: .... xor() 24162 MB/s, rmw enabled
[   10.770304] raid6: using avx2x2 recovery algorithm
[   10.771907] xor: automatically using best checksumming function   avx       
[   10.773808] async_tx: api initialized (async)
done.
Begin: Running /scripts/init-premount ... done.
Begin: Mounting root file system ... Begin: Running /scripts/local-top ... done.
Begin: Running /scripts/local-premount ... [   10.802018] Btrfs loaded, crc32c=crc32c-intel
Scanning for Btrfs filesystems
done.
Warning: fsck not present, so skipping root file system
[   10.822874] EXT4-fs (sda1): INFO: recovery required on readonly filesystem
[   10.823805] EXT4-fs (sda1): write access will be enabled during recovery
[   10.835838] EXT4-fs (sda1): orphan cleanup on readonly fs
[   10.836548] EXT4-fs (sda1): 6 orphan inodes deleted
[   10.837118] EXT4-fs (sda1): recovery complete
[   10.838094] EXT4-fs (sda1): mounted filesystem with ordered data mode. Opts: (null)
done.
Begin: Running /scripts/local-bottom ... done.
Begin: Running /scripts/init-bottom ... done.
[   10.990036] ip_tables: (C) 2000-2006 Netfilter Core Team
[   10.996552] systemd[1]: systemd 237 running in system mode. (+PAM +AUDIT +SELINUX +IMA +APPARMOR +SMACK +SYSVINIT +UTMP +LIBCRYPTSETUP +GCRYPT +GNUTLS +ACL +XZ +LZ4 +SECCOMP +BLKID +ELFUTILS +KMOD -IDN2 +IDN -PCRE2 default-hierarchy=hybrid)
[   10.998866] systemd[1]: Detected virtualization oracle.
[   10.999477] systemd[1]: Detected architecture x86-64.

Welcome to [1mUbuntu 18.04.5 LTS[0m!

[   11.002808] systemd[1]: Set hostname to <ubuntu-bionic>.
[   11.265461] systemd[1]: Created slice User and Session Slice.
[[0;32m  OK  [0m] Created slice User and Session Slice.
[   11.276925] systemd[1]: Started Forward Password Requests to Wall Directory Watch.
[[0;32m  OK  [0m] Started Forward Password Requests to Wall Directory Watch.
[   11.278604] systemd[1]: Created slice System Slice.
[[0;32m  OK  [0m] Created slice System Slice.
[   11.292234] systemd[1]: Listening on Syslog Socket.
[[0;32m  OK  [0m] Listening on Syslog Socket.
[   11.308977] systemd[1]: Set up automount Arbitrary Executable File Formats File System Automount Point.
[[0;32m  OK  [0m] Set up automount Arbitrary Executab…rmats File System Automount Point.
[   11.324464] systemd[1]: Reached target System Time Synchronized.
[[0;32m  OK  [0m] Reached target System Time Synchronized.
[[0;32m  OK  [0m] Listening on Journal Audit Socket.
[[0;32m  OK  [0m] Reached target Swap.
[[0;32m  OK  [0m] Listening on Journal Socket.
         Starting Set the console keyboard layout...
         Starting Remount Root and Kernel File Systems...
         Starting Uncomplicated firewall...
[[0;32m  OK  [0m] Listening on LVM2 poll daemon socket.
[[0;32m  OK  [0m] Reached target Slices.
         Starting Create list of required st…ce nodes for the current kernel...
         Mounting Kernel Debug File System...
[[0;32m  OK  [0m] Listening on udev Kernel Socket.
[[0;32m  OK  [0m] Listening on LVM2 metadata daemon socket.
[[0;32m  OK  [0m] Listening on /dev/initctl Compatibility Named Pipe.
[   11.418500] EXT4-fs (sda1): re-mounted. Opts: (null)
         Starting Load Kernel Modules...
[[0;32m  OK  [0m] Listening on Device-mapper event daemon FIFOs.
[   11.450148] Loading iSCSI transport class v2.0-870.
         Starting Monitoring of LVM2 mirrors…ng dmeventd or progress polling...
[   11.455948] iscsi: registered transport (tcp)
[[0;32m  OK  [0m] Created slice system-serial\x2dgetty.slice.
[[0;32m  OK  [0m] Listening on Network Service Netlink Socket.
         Mounting POSIX Message Queue File System...
[[0;32m  OK  [0m] Listening on Journal Socket (/dev/log).
         Starting Journal Service...
[[0;32m  OK  [0m] Reached target User and Group Name Lookups.
         Mounting Huge Pages File System...
[[0;32m  OK  [0m] Listening on udev Control Socket.
[   11.509333] iscsi: registered transport (iser)
         Starting udev Coldplug all Devices...
[[0;32m  OK  [0m] Started Set the console keyboard layout.
[[0;32m  OK  [0m] Started Remount Root and Kernel File Systems.
[[0;32m  OK  [0m] Started Uncomplicated firewall.
[[0;32m  OK  [0m] Started Create list of required sta…vice nodes for the current kernel.
[[0;32m  OK  [0m] Mounted Kernel Debug File System.
[[0;32m  OK  [0m] Started Load Kernel Modules.
[[0;32m  OK  [0m] Mounted POSIX Message Queue File System.
[[0;32m  OK  [0m] Mounted Huge Pages File System.
         Mounting Kernel Configuration File System...
         Mounting FUSE Control File System...
         Starting Apply Kernel Variables...
         Starting Create Static Device Nodes in /dev...
         Starting Load/Save Random Seed...
[[0;32m  OK  [0m] Started Journal Service.
[[0;32m  OK  [0m] Started udev Coldplug all Devices.
[[0;32m  OK  [0m] Mounted Kernel Configuration File System.
[[0;32m  OK  [0m] Mounted FUSE Control File System.
[[0;32m  OK  [0m] Started Apply Kernel Variables.
[[0;32m  OK  [0m] Started Create Static Device Nodes in /dev.
[[0;32m  OK  [0m] Started Load/Save Random Seed.
[[0;32m  OK  [0m] Started LVM2 metadata daemon.
         Starting udev Kernel Device Manager...
         Starting Flush Journal to Persistent Storage...
[[0;32m  OK  [0m] Started Monitoring of LVM2 mirrors,…sing dmeventd or progress polling.
[[0;32m  OK  [0m] Reached target Local File Systems (Pre).
[[0;32m  OK  [0m] Reached target Local File Systems.
         Starting Tell Plymouth To Write Out Runtime Data...
         Starting AppArmor initialization...
         Starting Set console font and keymap...
         Starting ebtables ruleset management...
[[0;32m  OK  [0m] Started udev Kernel Device Manager.
[[0;32m  OK  [0m] Started Dispatch Password Requests to Console Directory Watch.
[[0;32m  OK  [0m] Reached target Local Encrypted Volumes.
[[0;32m  OK  [0m] Started Set console font and keymap.
[[0;32m  OK  [0m] Started Tell Plymouth To Write Out Runtime Data.
[[0;32m  OK  [0m] Found device /dev/ttyS0.
[[0;32m  OK  [0m] Started Flush Journal to Persistent Storage.
         Starting Create Volatile Files and Directories...
[[0;32m  OK  [0m] Started ebtables ruleset management.
[[0;32m  OK  [0m] Started Create Volatile Files and Directories.
         Starting Update UTMP about System Boot/Shutdown...
[[0;32m  OK  [0m] Started Update UTMP about System Boot/Shutdown.
[[0;32m  OK  [0m] Listening on Load/Save RF Kill Switch Status /dev/rfkill Watch.
[[0;32m  OK  [0m] Started AppArmor initialization.
         Starting Load AppArmor profiles managed internally by snapd...
         Starting Initial cloud-init job (pre-networking)...
[[0;32m  OK  [0m] Started Load AppArmor profiles managed internally by snapd.
[   14.244706] cloud-init[551]: Cloud-init v. 20.3-2-g371b392c-0ubuntu1~18.04.1 running 'init-local' at Tue, 05 Jan 2021 22:43:10 +0000. Up 14.06 seconds.
[[0;32m  OK  [0m] Started Initial cloud-init job (pre-networking).
[[0;32m  OK  [0m] Reached target Network (Pre).
         Starting Network Service...
[[0;32m  OK  [0m] Started Network Service.
         Starting Wait for Network to be Configured...
         Starting Network Name Resolution...
[[0;32m  OK  [0m] Started Network Name Resolution.
[[0;32m  OK  [0m] Reached target Host and Network Name Lookups.
[[0;32m  OK  [0m] Reached target Network.
[[0;32m  OK  [0m] Started Wait for Network to be Configured.
         Starting Initial cloud-init job (metadata service crawler)...
[   16.449870] cloud-init[680]: Cloud-init v. 20.3-2-g371b392c-0ubuntu1~18.04.1 running 'init' at Tue, 05 Jan 2021 22:43:12 +0000. Up 16.36 seconds.
[   16.460159] cloud-init[680]: ci-info: ++++++++++++++++++++++++++++++++++++++Net device info++++++++++++++++++++++++++++++++++++++
[   16.509208] cloud-init[680]: ci-info: +--------+------+----------------------------+---------------+--------+-------------------+
[   16.510157] cloud-init[680]: ci-info: | Device |  Up  |          Address           |      Mask     | Scope  |     Hw-Address    |
[   16.511135] cloud-init[680]: ci-info: +--------+------+----------------------------+---------------+--------+-------------------+
[   16.512089] cloud-init[680]: ci-info: | enp0s3 | True |         10.0.2.15          | 255.255.255.0 | global | 02:c6:b0:25:69:cb |
[   16.513045] cloud-init[680]: ci-info: | enp0s3 | True | fe80::c6:b0ff:fe25:69cb/64 |       .       |  link  | 02:c6:b0:25:69:cb |
[   16.514014] cloud-init[680]: ci-info: |   lo   | True |         127.0.0.1          |   255.0.0.0   |  host  |         .         |
[   16.514995] cloud-init[680]: ci-info: |   lo   | True |          ::1/128           |       .       |  host  |         .         |
[   16.515952] cloud-init[680]: ci-info: +--------+------+----------------------------+---------------+--------+-------------------+
[   16.528178] cloud-init[680]: ci-info: ++++++++++++++++++++++++++++Route IPv4 info+++++++++++++++++++++++++++++
[   16.528781] cloud-init[680]: ci-info: +-------+-------------+----------+-----------------+-----------+-------+
[   16.540100] cloud-init[680]: ci-info: | Route | Destination | Gateway  |     Genmask     | Interface | Flags |
[   16.540945] cloud-init[680]: ci-info: +-------+-------------+----------+-----------------+-----------+-------+
[   16.541798] cloud-init[680]: ci-info: |   0   |   0.0.0.0   | 10.0.2.2 |     0.0.0.0     |   enp0s3  |   UG  |
[   16.542457] cloud-init[680]: ci-info: |   1   |   10.0.2.0  | 0.0.0.0  |  255.255.255.0  |   enp0s3  |   U   |
[   16.543090] cloud-init[680]: ci-info: |   2   |   10.0.2.2  | 0.0.0.0  | 255.255.255.255 |   enp0s3  |   UH  |
[   16.543933] cloud-init[680]: ci-info: +-------+-------------+----------+-----------------+-----------+-------+
[   16.544756] cloud-init[680]: ci-info: +++++++++++++++++++Route IPv6 info+++++++++++++++++++
[   16.545440] cloud-init[680]: ci-info: +-------+-------------+---------+-----------+-------+
[   16.546164] cloud-init[680]: ci-info: | Route | Destination | Gateway | Interface | Flags |
[   16.546860] cloud-init[680]: ci-info: +-------+-------------+---------+-----------+-------+
[   16.547566] cloud-init[680]: ci-info: |   1   |  fe80::/64  |    ::   |   enp0s3  |   U   |
[   16.548273] cloud-init[680]: ci-info: |   3   |    local    |    ::   |   enp0s3  |   U   |
[   16.548954] cloud-init[680]: ci-info: |   4   |   ff00::/8  |    ::   |   enp0s3  |   U   |
[   16.549643] cloud-init[680]: ci-info: +-------+-------------+---------+-----------+-------+
[[0;32m  OK  [0m] Started Initial cloud-init job (metadata service crawler).
[[0;32m  OK  [0m] Reached target System Initialization.
[[0;32m  OK  [0m] Started Clean PHP session files every 30 mins.
[[0;32m  OK  [0m] Listening on ACPID Listen Socket.
[[0;32m  OK  [0m] Started ACPI Events Check.
[[0;32m  OK  [0m] Started Daily Cleanup of Temporary Directories.
[[0;32m  OK  [0m] Listening on Open-iSCSI iscsid Socket.
         Starting Socket activation for snappy daemon.
         Starting LXD - unix socket.
[[0;32m  OK  [0m] Listening on D-Bus System Message Bus Socket.
[[0;32m  OK  [0m] Listening on UUID daemon activation socket.
[[0;32m  OK  [0m] Started Daily apt download activities.
[[0;32m  OK  [0m] Started Message of the Day.
[[0;32m  OK  [0m] Reached target Paths.
[[0;32m  OK  [0m] Started Daily apt upgrade and clean activities.
[[0;32m  OK  [0m] Started Discard unused blocks once a week.
[[0;32m  OK  [0m] Reached target Timers.
[[0;32m  OK  [0m] Reached target Cloud-config availability.
[[0;32m  OK  [0m] Reached target Network is Online.
[[0;32m  OK  [0m] Reached target Remote File Systems (Pre).
[[0;32m  OK  [0m] Reached target Remote File Systems.
         Starting Availability of block devices...
[[0;32m  OK  [0m] Listening on Socket activation for snappy daemon.
[[0;32m  OK  [0m] Listening on LXD - unix socket.
[[0;32m  OK  [0m] Reached target Sockets.
[[0;32m  OK  [0m] Reached target Basic System.
         Starting LSB: Record successful boot for GRUB...
         Starting MySQL Community Server...
[[0;32m  OK  [0m] Started Deferred execution scheduler.
[[0;32m  OK  [0m] Started Regular background program processing daemon.
         Starting Accounts Service...
         Starting LSB: automatic crash report generation...
         Starting Permit User Sessions...
[[0;32m  OK  [0m] Started D-Bus System Message Bus.
         Starting The Apache HTTP Server...
         Starting Login Service...
         Starting LXD - container startup/shutdown...
         Starting Virtualbox guest utils...
[[0;32m  OK  [0m] Started FUSE filesystem for LXC.
         Starting Clean php session files...
         Starting Dispatcher daemon for systemd-networkd...
         Starting Snap Daemon...
         Starting System Logging Service...
[[0;32m  OK  [0m] Started irqbalance daemon.
         Starting OpenBSD Secure Shell server...
[[0;32m  OK  [0m] Started System Logging Service.
[[0;32m  OK  [0m] Started Availability of block devices.
[[0;32m  OK  [0m] Started Permit User Sessions.
[[0;32m  OK  [0m] Started Login Service.
[[0;32m  OK  [0m] Started LSB: automatic crash report generation.
         Starting Authorization Manager...
[[0;32m  OK  [0m] Started Unattended Upgrades Shutdown.
         Starting Hold until boot process finishes up...
         Starting Terminate Plymouth Boot Screen...
[[0;32m  OK  [0m] Started Hold until boot process finishes up.
[[0;32m  OK  [0m] Started Terminate Plymouth Boot Screen.
         Starting Set console scheme...
[[0;32m  OK  [0m] Started Serial Getty on ttyS0.
[[0;32m  OK  [0m] Started LSB: Record successful boot for GRUB.
[[0;32m  OK  [0m] Started Set console scheme.
[[0;32m  OK  [0m] Created slice system-getty.slice.
[[0;32m  OK  [0m] Started Getty on tty1.
[[0;32m  OK  [0m] Reached target Login Prompts.
[[0;32m  OK  [0m] Started OpenBSD Secure Shell server.
[[0;32m  OK  [0m] Started Authorization Manager.
[[0;32m  OK  [0m] Started Accounts Service.
[[0;32m  OK  [0m] Created slice User Slice of vagrant.
[[0;32m  OK  [0m] Started Dispatcher daemon for systemd-networkd.
[[0;32m  OK  [0m] Started The Apache HTTP Server.
[[0;32m  OK  [0m] Started LXD - container startup/shutdown.
[[0;32m  OK  [0m] Started Virtualbox guest utils.
[[0;32m  OK  [0m] Started Session 1 of user vagrant.
         Starting User Manager for UID 1000...

Ubuntu 18.04.5 LTS ubuntu-bionic ttyS0

ubuntu-bionic login: [   28.526817] cloud-init[1291]: Cloud-init v. 20.3-2-g371b392c-0ubuntu1~18.04.1 running 'modules:config' at Tue, 05 Jan 2021 22:43:24 +0000. Up 27.90 seconds.
[   28.960692] cloud-init[1412]: Cloud-init v. 20.3-2-g371b392c-0ubuntu1~18.04.1 running 'modules:final' at Tue, 05 Jan 2021 22:43:25 +0000. Up 28.88 seconds.
[   28.960773] cloud-init[1412]: Cloud-init v. 20.3-2-g371b392c-0ubuntu1~18.04.1 finished at Tue, 05 Jan 2021 22:43:25 +0000. Datasource DataSourceNoCloud [seed=/dev/sdb][dsmode=net].  Up 28.95 seconds
         Stopping Session 4 of user vagrant.
[[0;32m  OK  [0m] Stopped target Timers.
[[0;32m  OK  [0m] Stopped Discard unused blocks once a week.
[[0;32m  OK  [0m] Stopped Daily Cleanup of Temporary Directories.
[[0;32m  OK  [0m] Stopped Message of the Day.
[[0;32m  OK  [0m] Closed Load/Save RF Kill Switch Status /dev/rfkill Watch.
         Stopping Availability of block devices...
[[0;32m  OK  [0m] Stopped Daily apt upgrade and clean activities.
[[0;32m  OK  [0m] Stopped Daily apt download activities.
[[0;32m  OK  [0m] Stopped target Cloud-init target.
         Stopping Authorization Manager...
[[0;32m  OK  [0m] Stopped target Graphical Interface.
         Stopping Accounts Service...
         Stopping User Manager for UID 1000...
[[0;32m  OK  [0m] Stopped Clean PHP session files every 30 mins.
[[0;32m  OK  [0m] Stopped target System Time Synchronized.
[[0;32m  OK  [0m] Stopped Execute cloud user/final scripts.
[[0;32m  OK  [0m] Stopped target Multi-User System.
         Stopping Deferred execution scheduler...
         Stopping System Logging Service...
         Stopping The Apache HTTP Server...
         Stopping irqbalance daemon...
         Stopping FUSE filesystem for LXC...
         Stopping Virtualbox guest utils...
         Stopping LXD - container startup/shutdown...
         Stopping OpenBSD Secure Shell server...
         Stopping Unattended Upgrades Shutdown...
         Stopping LSB: Record successful boot for GRUB...
         Stopping LSB: automatic crash report generation...
         Stopping Regular background program processing daemon...
[[0;32m  OK  [0m] Stopped target Login Prompts.
         Stopping Serial Getty on ttyS0...
         Stopping Getty on tty1...
         Stopping MySQL Community Server...
         Stopping D-Bus System Message Bus...
         Stopping Dispatcher daemon for systemd-networkd...
[[0;32m  OK  [0m] Stopped Apply the settings specified in cloud-config.
[[0;32m  OK  [0m] Stopped Wait until sn[[0;32m  OK  [0m] Stopped Deferred execution scheduler.
[[0;32m  OK  [0m] Stopped Regular background program processing daemon.
[[0;32m  OK  [0m] Stopped Accounts Service.
[[0;32m  OK  [0m] Stopped System Logging Service.
[[0;32m  OK  [0m] Stopped irqbalance daemon.
[[0;32m  OK  [0m] Stopped OpenBSD Secure Shell server.
[[0;32m  OK  [0m] Stopped Session 4 of user vagrant.
[[0;32m  OK  [0m] Stopped Dispatcher daemon for systemd-networkd.
[[0;32m  OK  [0m] Stopped Unattended Upgrades Shutdown.
[[0;32m  OK  [0m] Stopped Authorization Manager.
[[0;32m  OK  [0m] Stopped Serial Getty on ttyS0.
[[0;32m  OK  [0m] Stopped Getty on tty1.
[[0;32m  OK  [0m] Stopped User Manager for UID 1000.
[[0;32m  OK  [0m] Stopped Availability of block devices.
[[0;32m  OK  [0m] Stopped D-Bus System Message Bus.
[[0;32m  OK  [0m] Stopped FUSE filesystem for LXC.
[[0;32m  OK  [0m] Stopped LXD - container startup/shutdown.
[[0;32m  OK  [0m] Stopped The Apache HTTP Server.
[[0;32m  OK  [0m] Stopped Virtualbox guest utils.
[[0;32m  OK  [0m] Stopped LSB: Record successful boot for GRUB.
[[0;32m  OK  [0m] Stopped LSB: automatic crash report generation.
[[0;32m  OK  [0m] Stopped target Host and Network Name Lookups.
[[0;32m  OK  [0m] Removed slice system-getty.slice.
[[0;32m  OK  [0m] Removed slice system-serial\x2dgetty.slice.
[[0;32m  OK  [0m] Removed slice User Slice of vagrant.
         Stopping Permit User Sessions...
         Stopping Login Service...
[[0;32m  OK  [0m] Stopped Permit User Sessions.
[[0;32m  OK  [0m] Stopped target Remote File Systems.
[[0;32m  OK  [0m] Stopped target Remote File Systems (Pre).
[[0;32m  OK  [0m] Stopped Login Service.
[[0;32m  OK  [0m] Stopped target User and Group Name Lookups.
[[0;32m  OK  [0m] Stopped MySQL Community Server.
[[0;32m  OK  [0m] Stopped target Network.
         Stopping Network Name Resolution...
[[0;32m  OK  [0m] Stopped target Basic System.
[[0;32m  OK  [0m] Stopped target Paths.
[[0;32m  OK  [0m] Stopped ACPI Events Check.
[[0;32m  OK  [0m] Stopped target Slices.
[[0;32m  OK  [0m] Removed slice User and Session Slice.
[[0;32m  OK  [0m] Stopped target Sockets.
[[0;32m  OK  [0m] Closed D-Bus System Message Bus Socket.
[[0;32m  OK  [0m] Closed Socket activation for snappy daemon.
[[0;32m  OK  [0m] Closed LXD - unix socket.
[[0;32m  OK  [0m] Closed Open-iSCSI iscsid Socket.
[[0;32m  OK  [0m] Closed ACPID Listen Socket.
[[0;32m  OK  [0m] Closed Syslog Socket.
[[0;32m  OK  [0m] Closed UUID daemon activation socket.
[[0;32m  OK  [0m] Stopped target System Initialization.
[[0;32m  OK  [0m] Stopped target Local Encrypted Volumes.
[[0;32m  OK  [0m] Stopped Forward Password Requests to Wall Directory Watch.
[[0;32m  OK  [0m] Stopped Dispatch Password Requests to Console Directory Watch.
         Stopping Load/Save Random Seed...
[[0;32m  OK  [0m] Stopped Initial cloud-init job (metadata service crawler).
[[0;32m  OK  [0m] Stopped Wait for Network to be Configured.
         Stopping Update UTMP about System Boot/Shutdown...
[[0;32m  OK  [0m] Stopped Network Name Resolution.
[[0;32m  OK  [0m] Stopped Load/Save Random Seed.
         Stopping Network Service...
[[0;32m  OK  [0m] Stopped Update UTMP about System Boot/Shutdown.
[[0;32m  OK  [0m] Stopped Create Volatile Files and Directories.
[[0;32m  OK  [0m] Stopped target Local File Systems.
         Unmounting /vagrant...
         Unmounting /run/user/1000...
[[0;32m  OK  [0m] Stopped Network Service.
[[0;32m  OK  [0m] Unmounted /vagrant.
[[0;32m  OK  [0m] Stopped target Network (Pre).
[[0;32m  OK  [0m] Stopped Initial cloud-init job (pre-networking).
[[0;32m  OK  [0m] Stopped Apply Kernel Variables.
[[0;32m  OK  [0m] Stopped Load Kernel Modules.
[[0;32m  OK  [0m] Unmounted /run/user/1000.
[[0;32m  OK  [0m] Reached target Unmount All Filesystems.
[[0;32m  OK  [0m] Stopped target Local File Systems (Pre).
[[0;32m  OK  [0m] Stopped Create Static Device Nodes in /dev.
         Stopping Monitoring of LVM2 mirrors…ng dmeventd or progress polling...
[[0;32m  OK  [0m] Stopped Remount Root and Kernel File Systems.
[[0;32m  OK  [0m] Stopped target Swap.
[[0;32m  OK  [0m] Reached target Shutdown.
[[0;32m  OK  [0m] Reached target Final Step.
         Starting Power-Off...
[[0;32m  OK  [0m] Stopped Monitoring of LVM2 mirrors,…sing dmeventd or progress polling.
         Stopping LVM2 metadata daemon...
[[0;32m  OK  [0m] Stopped LVM2 metadata daemon.
[   61.455858] reboot: Power down
